<?xml version="1.0" encoding="UTF-8"?>
<testsuite xmlns:xsi="http://www.w3.org/2001/XMLSchema-instance" xsi:schemaLocation="https://maven.apache.org/surefire/maven-surefire-plugin/xsd/surefire-test-report.xsd" name="unit.DataBaseTest" time="0.394" tests="14" errors="0" skipped="0" failures="0">
  <properties>
[...]
</properties>
  <testcase name="testCreateBoardTable" classname="unit.DataBaseTest" time="0.001"/>
  <testcase name="testAddMoveData" classname="unit.DataBaseTest" time="0.014"/>
  <testcase name="testCleanTable" classname="unit.DataBaseTest" time="0.013"/>
  <testcase name="testSelectBoardBooleanData" classname="unit.DataBaseTest" time="0.008"/>
  <testcase name="testCreatePlayerTable" classname="unit.DataBaseTest" time="0.001"/>
  <testcase name="testArrayToString" classname="unit.DataBaseTest" time="0.001"/>
  <testcase name="testAddBoardData" classname="unit.DataBaseTest" time="0.002"/>
  <testcase name="testCreateMoveTable" classname="unit.DataBaseTest" time="0.001"/>
  <testcase name="testSelectMoveData" classname="unit.DataBaseTest" time="0.002"/>
  <testcase name="testAddPlayerData" classname="unit.DataBaseTest" time="0.006"/>
  <testcase name="testStringToArray" classname="unit.DataBaseTest" time="0.001"/>
  <testcase name="testSelectBoardIntData" classname="unit.DataBaseTest" time="0.001"/>
  <testcase name="testSelectPlayerData" classname="unit.DataBaseTest" time="0.002"/>
  <testcase name="testSelectBoardData" classname="unit.DataBaseTest" time="0.001"/>
</testsuite>