<?xml version="1.0" encoding="UTF-8"?>
<testsuite xmlns:xsi="http://www.w3.org/2001/XMLSchema-instance" xsi:schemaLocation="https://maven.apache.org/surefire/maven-surefire-plugin/xsd/surefire-test-report.xsd" name="integration.GameTest" time="0.838" tests="11" errors="9" skipped="0" failures="2">
  <properties>
[...]
</properties>
  <testcase name="newGameTest" classname="integration.GameTest" time="0.274">
    <failure message="expected: &lt;200&gt; but was: &lt;404&gt;" type="org.opentest4j.AssertionFailedError"><![CDATA[org.opentest4j.AssertionFailedError: expected: <200> but was: <404>
	at integration.GameTest.newGameTest(GameTest.java:62)
]]></failure>
    <system-out><![CDATA[Opened database successfully
Table created successfully
Table created successfully
Table created successfully
Before All
Before Each
------Test New Game Start------
404
After Each
]]></system-out>
    <system-err><![CDATA[[main] INFO org.eclipse.jetty.util.log - Logging initialized @971ms to org.eclipse.jetty.util.log.Slf4jLog
[main] INFO io.javalin.Javalin - Static file handler added:
    {urlPathPrefix: "/", path: "/public", location: Location.CLASSPATH}
    Resolved path: 'file:///Users/pure/Documents/software%20engineering/hw/4156-PublicAssignment-master/hw1/target/classes/public/'
[main] INFO io.javalin.Javalin - 
           __                      __ _
          / /____ _ _   __ ____ _ / /(_)____
     __  / // __ `/| | / // __ `// // // __ \
    / /_/ // /_/ / | |/ // /_/ // // // / / /
    \____/ \__,_/  |___/ \__,_//_//_//_/ /_/

        https://javalin.io/documentation

[main] INFO io.javalin.Javalin - Starting Javalin ...
[main] INFO io.javalin.Javalin - Listening on http://localhost:8080/
[main] INFO io.javalin.Javalin - Javalin started in 136ms \o/
]]></system-err>
  </testcase>
  <testcase name="startGameTest" classname="integration.GameTest" time="0.019">
    <error message="Invalid JSON" type="kong.unirest.json.JSONException">kong.unirest.json.JSONException: Invalid JSON
	at integration.GameTest.startGameTest(GameTest.java:85)
</error>
    <system-out><![CDATA[Before Each
------Test Start Game Start------
Start Game Response: <!doctype html><title>404 Not Found</title><h1 style="text-align: center">404 Not Found</h1><hr/><p style="text-align: center">PyCharm 2019.2.6</p>
After Each
]]></system-out>
  </testcase>
  <testcase name="joinGameTest" classname="integration.GameTest" time="0.005">
    <failure message="expected: &lt;200&gt; but was: &lt;404&gt;" type="org.opentest4j.AssertionFailedError"><![CDATA[org.opentest4j.AssertionFailedError: expected: <200> but was: <404>
	at integration.GameTest.joinGameTest(GameTest.java:115)
]]></failure>
    <system-out><![CDATA[Before Each
------Test Join Game Start------
404
After Each
]]></system-out>
  </testcase>
  <testcase name="moveTest" classname="integration.GameTest" time="0.004">
    <error message="Invalid JSON" type="kong.unirest.json.JSONException">kong.unirest.json.JSONException: Invalid JSON
	at integration.GameTest.moveTest(GameTest.java:133)
</error>
    <system-out><![CDATA[Before Each
------Test Move Start------
After Each
]]></system-out>
  </testcase>
  <testcase name="testCase1" classname="integration.GameTest" time="0.006">
    <error message="Invalid JSON" type="kong.unirest.json.JSONException">kong.unirest.json.JSONException: Invalid JSON
	at integration.GameTest.testCase1(GameTest.java:160)
</error>
    <system-out><![CDATA[Before Each
------Test testCase1 Start------
After Each
]]></system-out>
  </testcase>
  <testcase name="testCase2" classname="integration.GameTest" time="0.008">
    <error message="Invalid JSON" type="kong.unirest.json.JSONException">kong.unirest.json.JSONException: Invalid JSON
	at integration.GameTest.testCase2(GameTest.java:194)
</error>
    <system-out><![CDATA[Before Each
------Test testCase2 Start------
After Each
]]></system-out>
  </testcase>
  <testcase name="testCase3" classname="integration.GameTest" time="0.011">
    <error message="Invalid JSON" type="kong.unirest.json.JSONException">kong.unirest.json.JSONException: Invalid JSON
	at integration.GameTest.testCase3(GameTest.java:224)
</error>
    <system-out><![CDATA[Before Each
------Test testCase3 Start------
After Each
]]></system-out>
  </testcase>
  <testcase name="testCase4" classname="integration.GameTest" time="0.014">
    <error message="Invalid JSON" type="kong.unirest.json.JSONException">kong.unirest.json.JSONException: Invalid JSON
	at integration.GameTest.testCase4(GameTest.java:254)
</error>
    <system-out><![CDATA[Before Each
------Test testCase4 Start------
After Each
]]></system-out>
  </testcase>
  <testcase name="testCase5" classname="integration.GameTest" time="0.078">
    <error message="Invalid JSON" type="kong.unirest.json.JSONException">kong.unirest.json.JSONException: Invalid JSON
	at integration.GameTest.testCase5(GameTest.java:291)
</error>
    <system-out><![CDATA[Before Each
------Test testCase5 Start------
After Each
]]></system-out>
  </testcase>
  <testcase name="testCrash1" classname="integration.GameTest" time="0.043">
    <error message="Invalid JSON" type="kong.unirest.json.JSONException">kong.unirest.json.JSONException: Invalid JSON
	at integration.GameTest.testCrash1(GameTest.java:328)
</error>
    <system-out><![CDATA[Before Each
------Test testCrash1 Start------
Game Crash
Opened database successfully
Table created successfully
Table created successfully
Table created successfully
Game Reboot
After Each
]]></system-out>
    <system-err><![CDATA[[main] INFO io.javalin.Javalin - Stopping Javalin ...
[main] INFO io.javalin.Javalin - Javalin has stopped
[main] INFO io.javalin.Javalin - Static file handler added:
    {urlPathPrefix: "/", path: "/public", location: Location.CLASSPATH}
    Resolved path: 'file:///Users/pure/Documents/software%20engineering/hw/4156-PublicAssignment-master/hw1/target/classes/public/'
[main] INFO io.javalin.Javalin - 
           __                      __ _
          / /____ _ _   __ ____ _ / /(_)____
     __  / // __ `/| | / // __ `// // // __ \
    / /_/ // /_/ / | |/ // /_/ // // // / / /
    \____/ \__,_/  |___/ \__,_//_//_//_/ /_/

        https://javalin.io/documentation

[main] INFO io.javalin.Javalin - Starting Javalin ...
[main] INFO io.javalin.Javalin - Listening on http://localhost:8080/
[main] INFO io.javalin.Javalin - Javalin started in 6ms \o/
]]></system-err>
  </testcase>
  <testcase name="testCrash2" classname="integration.GameTest" time="0.035">
    <error message="Invalid JSON" type="kong.unirest.json.JSONException">kong.unirest.json.JSONException: Invalid JSON
	at integration.GameTest.testCrash2(GameTest.java:365)
</error>
    <system-out><![CDATA[Before Each
------Test testCrash2 Start------
Game Crash
Opened database successfully
Table created successfully
Table created successfully
Table created successfully
Game Reboot
After Each
]]></system-out>
    <system-err><![CDATA[[main] INFO io.javalin.Javalin - Stopping Javalin ...
[main] INFO io.javalin.Javalin - Javalin has stopped
[main] INFO io.javalin.Javalin - Static file handler added:
    {urlPathPrefix: "/", path: "/public", location: Location.CLASSPATH}
    Resolved path: 'file:///Users/pure/Documents/software%20engineering/hw/4156-PublicAssignment-master/hw1/target/classes/public/'
[main] INFO io.javalin.Javalin - 
           __                      __ _
          / /____ _ _   __ ____ _ / /(_)____
     __  / // __ `/| | / // __ `// // // __ \
    / /_/ // /_/ / | |/ // /_/ // // // / / /
    \____/ \__,_/  |___/ \__,_//_//_//_/ /_/

        https://javalin.io/documentation

[main] INFO io.javalin.Javalin - Starting Javalin ...
[main] INFO io.javalin.Javalin - Listening on http://localhost:8080/
[main] INFO io.javalin.Javalin - Javalin started in 6ms \o/
]]></system-err>
  </testcase>
</testsuite>